<?xml version="1.0" encoding="UTF-8"?>
<!-- Generated by org.testng.reporters.JUnitXMLReporter -->
<testsuite ignored="0" hostname="LAPTOP-J8S3LOPL" failures="1" tests="1" name="Surefire test" time="4.245" errors="0" timestamp="2025-08-04T16:29:58 IST">
  <testcase classname="TestPackage.PracTest" name="alertTest" time="4.009">
    <failure type="java.lang.AssertionError" message="null">
      <![CDATA[java.lang.AssertionError: null
at TestPackage.PracTest.alertTest(PracTest.java:25)
at java.base/java.util.ArrayList.forEach(ArrayList.java:1596)
... Removed 32 stack frames]]>
    </failure>
  </testcase> <!-- alertTest -->
</testsuite> <!-- Surefire test -->
